2022/03/28 09:37:17 - DEBUG - 38 - create_dir - Succeed in creating directory: ../data/d_link
2022/03/28 09:37:17 - DEBUG - 228 - _new_conn - Starting new HTTP connection (1): support.dlink.com.cn:9000
2022/03/28 09:37:17 - DEBUG - 456 - _make_request - http://support.dlink.com.cn:9000 "GET /AllPro.aspx HTTP/1.1" 200 58234
2022/03/28 09:37:17 - DEBUG - 228 - _new_conn - Starting new HTTP connection (1): support.dlink.com.cn:9000
2022/03/28 09:37:18 - DEBUG - 456 - _make_request - http://support.dlink.com.cn:9000 "GET /ProductInfo.aspx?m=DI-1000 HTTP/1.1" 200 21026
2022/03/28 09:37:18 - DEBUG - 228 - _new_conn - Starting new HTTP connection (1): support.dlink.com.cn:9000
2022/03/28 09:37:20 - DEBUG - 456 - _make_request - http://support.dlink.com.cn:9000 "GET /ProductInfo.aspx?m=DI-504N HTTP/1.1" 200 21174
2022/03/28 09:37:20 - DEBUG - 228 - _new_conn - Starting new HTTP connection (1): support.dlink.com.cn:9000
2022/03/28 09:37:20 - DEBUG - 456 - _make_request - http://support.dlink.com.cn:9000 "GET /ajax/ajax.ashx?d=1648431440727&action=productfile&lang=zh-cn&ver=5 HTTP/1.1" 200 381
2022/03/28 09:37:20 - DEBUG - 228 - _new_conn - Starting new HTTP connection (1): support.dlink.com.cn:9000
2022/03/28 09:37:23 - DEBUG - 456 - _make_request - http://support.dlink.com.cn:9000 "GET /ProductInfo.aspx?m=DI-7100G HTTP/1.1" 200 33170
2022/03/28 09:37:23 - DEBUG - 228 - _new_conn - Starting new HTTP connection (1): support.dlink.com.cn:9000
2022/03/28 09:37:23 - DEBUG - 456 - _make_request - http://support.dlink.com.cn:9000 "GET /ajax/ajax.ashx?d=1648431443422&action=productfile&lang=zh-cn&ver=2261 HTTP/1.1" 200 304
2022/03/28 09:37:23 - DEBUG - 228 - _new_conn - Starting new HTTP connection (1): support.dlink.com.cn:9000
2022/03/28 09:37:23 - DEBUG - 456 - _make_request - http://support.dlink.com.cn:9000 "GET /ajax/ajax.ashx?d=1648431443768&action=productfile&lang=zh-cn&ver=2302 HTTP/1.1" 200 447
2022/03/28 09:37:23 - DEBUG - 228 - _new_conn - Starting new HTTP connection (1): support.dlink.com.cn:9000
2022/03/28 09:37:24 - DEBUG - 456 - _make_request - http://support.dlink.com.cn:9000 "GET /ajax/ajax.ashx?d=1648431443927&action=productfile&lang=zh-cn&ver=166 HTTP/1.1" 200 303
2022/03/28 09:37:24 - DEBUG - 228 - _new_conn - Starting new HTTP connection (1): support.dlink.com.cn:9000
2022/03/28 09:37:25 - DEBUG - 456 - _make_request - http://support.dlink.com.cn:9000 "GET /ProductInfo.aspx?m=DI-7500G HTTP/1.1" 200 35889
2022/03/28 09:37:25 - DEBUG - 228 - _new_conn - Starting new HTTP connection (1): support.dlink.com.cn:9000
2022/03/28 09:37:43 - DEBUG - 40 - create_dir - Directory ../data/d_link already exists!
2022/03/28 09:37:43 - DEBUG - 228 - _new_conn - Starting new HTTP connection (1): support.dlink.com.cn:9000
2022/03/28 09:37:44 - DEBUG - 456 - _make_request - http://support.dlink.com.cn:9000 "GET /AllPro.aspx HTTP/1.1" 200 58234
2022/03/28 09:37:44 - DEBUG - 228 - _new_conn - Starting new HTTP connection (1): support.dlink.com.cn:9000
2022/03/28 09:37:45 - DEBUG - 456 - _make_request - http://support.dlink.com.cn:9000 "GET /ProductInfo.aspx?m=DI-1000 HTTP/1.1" 200 20979
2022/03/28 09:37:45 - DEBUG - 228 - _new_conn - Starting new HTTP connection (1): support.dlink.com.cn:9000
2022/03/28 09:37:47 - DEBUG - 456 - _make_request - http://support.dlink.com.cn:9000 "GET /ProductInfo.aspx?m=DI-504N HTTP/1.1" 200 21174
2022/03/28 09:37:47 - DEBUG - 228 - _new_conn - Starting new HTTP connection (1): support.dlink.com.cn:9000
2022/03/28 09:37:47 - DEBUG - 456 - _make_request - http://support.dlink.com.cn:9000 "GET /ajax/ajax.ashx?d=1648431467637&action=productfile&lang=zh-cn&ver=5 HTTP/1.1" 200 381
2022/03/28 09:37:47 - DEBUG - 228 - _new_conn - Starting new HTTP connection (1): support.dlink.com.cn:9000
2022/03/28 09:37:49 - DEBUG - 456 - _make_request - http://support.dlink.com.cn:9000 "GET /ProductInfo.aspx?m=DI-7100G HTTP/1.1" 200 33170
2022/03/28 09:37:49 - DEBUG - 228 - _new_conn - Starting new HTTP connection (1): support.dlink.com.cn:9000
2022/03/28 09:37:49 - DEBUG - 456 - _make_request - http://support.dlink.com.cn:9000 "GET /ajax/ajax.ashx?d=1648431469370&action=productfile&lang=zh-cn&ver=2261 HTTP/1.1" 200 304
2022/03/28 09:37:49 - DEBUG - 228 - _new_conn - Starting new HTTP connection (1): support.dlink.com.cn:9000
2022/03/28 09:37:49 - DEBUG - 456 - _make_request - http://support.dlink.com.cn:9000 "GET /ajax/ajax.ashx?d=1648431469556&action=productfile&lang=zh-cn&ver=2302 HTTP/1.1" 200 447
2022/03/28 09:37:49 - DEBUG - 228 - _new_conn - Starting new HTTP connection (1): support.dlink.com.cn:9000
2022/03/28 09:37:49 - DEBUG - 456 - _make_request - http://support.dlink.com.cn:9000 "GET /ajax/ajax.ashx?d=1648431469712&action=productfile&lang=zh-cn&ver=166 HTTP/1.1" 200 303
2022/03/28 09:37:49 - DEBUG - 228 - _new_conn - Starting new HTTP connection (1): support.dlink.com.cn:9000
2022/03/28 09:37:51 - DEBUG - 456 - _make_request - http://support.dlink.com.cn:9000 "GET /ProductInfo.aspx?m=DI-7500G HTTP/1.1" 200 35889
2022/03/28 09:37:51 - DEBUG - 228 - _new_conn - Starting new HTTP connection (1): support.dlink.com.cn:9000
2022/03/28 09:37:51 - DEBUG - 456 - _make_request - http://support.dlink.com.cn:9000 "GET /ajax/ajax.ashx?d=1648431471311&action=productfile&lang=zh-cn&ver=2266 HTTP/1.1" 200 454
2022/03/28 09:37:51 - DEBUG - 228 - _new_conn - Starting new HTTP connection (1): support.dlink.com.cn:9000
2022/03/28 09:37:54 - DEBUG - 456 - _make_request - http://support.dlink.com.cn:9000 "GET /ProductInfo.aspx?m=DI-8002 HTTP/1.1" 200 25207
2022/03/28 09:37:54 - DEBUG - 228 - _new_conn - Starting new HTTP connection (1): support.dlink.com.cn:9000
2022/03/28 09:37:54 - DEBUG - 456 - _make_request - http://support.dlink.com.cn:9000 "GET /ajax/ajax.ashx?d=1648431474145&action=productfile&lang=zh-cn&ver=171 HTTP/1.1" 200 452
2022/03/28 09:37:54 - DEBUG - 228 - _new_conn - Starting new HTTP connection (1): support.dlink.com.cn:9000
2022/03/28 09:39:02 - DEBUG - 40 - create_dir - Directory ../data/d_link already exists!
2022/03/28 09:39:02 - DEBUG - 228 - _new_conn - Starting new HTTP connection (1): support.dlink.com.cn:9000
2022/03/28 09:39:02 - DEBUG - 456 - _make_request - http://support.dlink.com.cn:9000 "GET /AllPro.aspx HTTP/1.1" 200 58234
2022/03/28 09:39:02 - DEBUG - 228 - _new_conn - Starting new HTTP connection (1): support.dlink.com.cn:9000
2022/03/28 09:39:03 - DEBUG - 456 - _make_request - http://support.dlink.com.cn:9000 "GET /ProductInfo.aspx?m=DI-1000 HTTP/1.1" 200 20979
2022/03/28 09:39:03 - DEBUG - 228 - _new_conn - Starting new HTTP connection (1): support.dlink.com.cn:9000
2022/03/28 09:39:05 - DEBUG - 456 - _make_request - http://support.dlink.com.cn:9000 "GET /ProductInfo.aspx?m=DI-504N HTTP/1.1" 200 21174
2022/03/28 09:39:05 - DEBUG - 228 - _new_conn - Starting new HTTP connection (1): support.dlink.com.cn:9000
2022/03/28 09:39:05 - DEBUG - 456 - _make_request - http://support.dlink.com.cn:9000 "GET /ajax/ajax.ashx?d=1648431545584&action=productfile&lang=zh-cn&ver=5 HTTP/1.1" 200 381
2022/03/28 09:39:05 - DEBUG - 228 - _new_conn - Starting new HTTP connection (1): support.dlink.com.cn:9000
2022/03/28 09:39:07 - DEBUG - 456 - _make_request - http://support.dlink.com.cn:9000 "GET /ProductInfo.aspx?m=DI-7100G HTTP/1.1" 200 33170
2022/03/28 09:39:07 - DEBUG - 228 - _new_conn - Starting new HTTP connection (1): support.dlink.com.cn:9000
2022/03/28 09:39:07 - DEBUG - 456 - _make_request - http://support.dlink.com.cn:9000 "GET /ajax/ajax.ashx?d=1648431547335&action=productfile&lang=zh-cn&ver=2261 HTTP/1.1" 200 304
2022/03/28 09:39:07 - DEBUG - 228 - _new_conn - Starting new HTTP connection (1): support.dlink.com.cn:9000
2022/03/28 09:39:07 - DEBUG - 456 - _make_request - http://support.dlink.com.cn:9000 "GET /ajax/ajax.ashx?d=1648431547489&action=productfile&lang=zh-cn&ver=2302 HTTP/1.1" 200 447
2022/03/28 09:39:07 - DEBUG - 228 - _new_conn - Starting new HTTP connection (1): support.dlink.com.cn:9000
2022/03/28 09:39:07 - DEBUG - 456 - _make_request - http://support.dlink.com.cn:9000 "GET /ajax/ajax.ashx?d=1648431547645&action=productfile&lang=zh-cn&ver=166 HTTP/1.1" 200 303
2022/03/28 09:39:07 - DEBUG - 228 - _new_conn - Starting new HTTP connection (1): support.dlink.com.cn:9000
2022/03/28 09:39:09 - DEBUG - 456 - _make_request - http://support.dlink.com.cn:9000 "GET /ProductInfo.aspx?m=DI-7500G HTTP/1.1" 200 35889
2022/03/28 09:39:09 - DEBUG - 228 - _new_conn - Starting new HTTP connection (1): support.dlink.com.cn:9000
2022/03/28 09:39:09 - DEBUG - 456 - _make_request - http://support.dlink.com.cn:9000 "GET /ajax/ajax.ashx?d=1648431549342&action=productfile&lang=zh-cn&ver=2266 HTTP/1.1" 200 454
2022/03/28 09:39:09 - DEBUG - 228 - _new_conn - Starting new HTTP connection (1): support.dlink.com.cn:9000
2022/03/28 09:39:11 - DEBUG - 456 - _make_request - http://support.dlink.com.cn:9000 "GET /ProductInfo.aspx?m=DI-8002 HTTP/1.1" 200 25207
2022/03/28 09:39:11 - DEBUG - 228 - _new_conn - Starting new HTTP connection (1): support.dlink.com.cn:9000
2022/03/28 09:39:11 - DEBUG - 456 - _make_request - http://support.dlink.com.cn:9000 "GET /ajax/ajax.ashx?d=1648431551103&action=productfile&lang=zh-cn&ver=171 HTTP/1.1" 200 452
2022/03/28 09:39:11 - DEBUG - 228 - _new_conn - Starting new HTTP connection (1): support.dlink.com.cn:9000
2022/03/28 09:39:12 - DEBUG - 456 - _make_request - http://support.dlink.com.cn:9000 "GET /ProductInfo.aspx?m=DI-8002W HTTP/1.1" 200 25354
2022/03/28 09:39:12 - DEBUG - 228 - _new_conn - Starting new HTTP connection (1): support.dlink.com.cn:9000
2022/03/28 09:39:13 - DEBUG - 456 - _make_request - http://support.dlink.com.cn:9000 "GET /ajax/ajax.ashx?d=1648431552842&action=productfile&lang=zh-cn&ver=173 HTTP/1.1" 200 406
2022/03/28 09:39:13 - DEBUG - 228 - _new_conn - Starting new HTTP connection (1): support.dlink.com.cn:9000
2022/03/28 09:39:15 - DEBUG - 456 - _make_request - http://support.dlink.com.cn:9000 "GET /ProductInfo.aspx?m=DI-8003 HTTP/1.1" 200 25066
2022/03/28 09:39:15 - DEBUG - 228 - _new_conn - Starting new HTTP connection (1): support.dlink.com.cn:9000
2022/03/28 09:39:15 - DEBUG - 456 - _make_request - http://support.dlink.com.cn:9000 "GET /ajax/ajax.ashx?d=1648431555608&action=productfile&lang=zh-cn&ver=172 HTTP/1.1" 200 421
2022/03/28 09:39:15 - DEBUG - 228 - _new_conn - Starting new HTTP connection (1): support.dlink.com.cn:9000
2022/03/28 09:39:16 - DEBUG - 456 - _make_request - http://support.dlink.com.cn:9000 "GET /ajax/ajax.ashx?d=1648431555766&action=productfile&lang=zh-cn&ver=2272 HTTP/1.1" 200 331
2022/03/28 09:39:16 - DEBUG - 228 - _new_conn - Starting new HTTP connection (1): support.dlink.com.cn:9000
2022/03/28 09:39:18 - DEBUG - 456 - _make_request - http://support.dlink.com.cn:9000 "GET /ProductInfo.aspx?m=DI-8003G HTTP/1.1" 200 25481
2022/03/28 09:39:18 - DEBUG - 228 - _new_conn - Starting new HTTP connection (1): support.dlink.com.cn:9000
2022/03/28 09:39:18 - DEBUG - 456 - _make_request - http://support.dlink.com.cn:9000 "GET /ajax/ajax.ashx?d=1648431558689&action=productfile&lang=zh-cn&ver=3373 HTTP/1.1" 200 387
2022/03/28 09:39:18 - DEBUG - 228 - _new_conn - Starting new HTTP connection (1): support.dlink.com.cn:9000
2022/03/28 09:39:20 - DEBUG - 456 - _make_request - http://support.dlink.com.cn:9000 "GET /ProductInfo.aspx?m=DI-8004W HTTP/1.1" 200 25351
2022/03/28 09:39:20 - DEBUG - 228 - _new_conn - Starting new HTTP connection (1): support.dlink.com.cn:9000
2022/03/28 09:39:21 - DEBUG - 456 - _make_request - http://support.dlink.com.cn:9000 "GET /ajax/ajax.ashx?d=1648431560558&action=productfile&lang=zh-cn&ver=174 HTTP/1.1" 200 437
2022/03/28 09:39:21 - DEBUG - 228 - _new_conn - Starting new HTTP connection (1): support.dlink.com.cn:9000
2022/03/28 09:39:21 - DEBUG - 456 - _make_request - http://support.dlink.com.cn:9000 "GET /ajax/ajax.ashx?d=1648431561025&action=productfile&lang=zh-cn&ver=2278 HTTP/1.1" 200 370
2022/03/28 09:39:21 - DEBUG - 228 - _new_conn - Starting new HTTP connection (1): support.dlink.com.cn:9000
2022/03/28 09:39:22 - DEBUG - 456 - _make_request - http://support.dlink.com.cn:9000 "GET /ProductInfo.aspx?m=DI-8005W HTTP/1.1" 200 27218
2022/03/28 09:39:22 - DEBUG - 228 - _new_conn - Starting new HTTP connection (1): support.dlink.com.cn:9000
2022/03/28 09:39:23 - DEBUG - 456 - _make_request - http://support.dlink.com.cn:9000 "GET /ajax/ajax.ashx?d=1648431562841&action=productfile&lang=zh-cn&ver=175 HTTP/1.1" 200 440
2022/03/28 09:39:23 - DEBUG - 228 - _new_conn - Starting new HTTP connection (1): support.dlink.com.cn:9000
2022/03/28 09:39:24 - DEBUG - 456 - _make_request - http://support.dlink.com.cn:9000 "GET /ProductInfo.aspx?m=DI-8100 HTTP/1.1" 200 25069
2022/03/28 09:39:24 - DEBUG - 228 - _new_conn - Starting new HTTP connection (1): support.dlink.com.cn:9000
2022/03/28 09:39:24 - DEBUG - 456 - _make_request - http://support.dlink.com.cn:9000 "GET /ajax/ajax.ashx?d=1648431564603&action=productfile&lang=zh-cn&ver=176 HTTP/1.1" 200 444
2022/03/28 09:39:24 - DEBUG - 228 - _new_conn - Starting new HTTP connection (1): support.dlink.com.cn:9000
2022/03/28 09:39:24 - DEBUG - 456 - _make_request - http://support.dlink.com.cn:9000 "GET /ajax/ajax.ashx?d=1648431564748&action=productfile&lang=zh-cn&ver=2273 HTTP/1.1" 200 368
2022/03/28 09:39:24 - DEBUG - 228 - _new_conn - Starting new HTTP connection (1): support.dlink.com.cn:9000
2022/03/28 09:39:26 - DEBUG - 456 - _make_request - http://support.dlink.com.cn:9000 "GET /ProductInfo.aspx?m=DI-8100G HTTP/1.1" 200 25479
2022/03/28 09:39:26 - DEBUG - 228 - _new_conn - Starting new HTTP connection (1): support.dlink.com.cn:9000
2022/03/28 09:39:26 - DEBUG - 456 - _make_request - http://support.dlink.com.cn:9000 "GET /ajax/ajax.ashx?d=1648431566761&action=productfile&lang=zh-cn&ver=3414 HTTP/1.1" 200 346
2022/03/28 09:39:26 - DEBUG - 228 - _new_conn - Starting new HTTP connection (1): support.dlink.com.cn:9000
2022/03/28 09:39:29 - DEBUG - 456 - _make_request - http://support.dlink.com.cn:9000 "GET /ProductInfo.aspx?m=DI-8200 HTTP/1.1" 200 25280
2022/03/28 09:39:29 - DEBUG - 228 - _new_conn - Starting new HTTP connection (1): support.dlink.com.cn:9000
2022/03/28 09:39:29 - DEBUG - 456 - _make_request - http://support.dlink.com.cn:9000 "GET /ajax/ajax.ashx?d=1648431569546&action=productfile&lang=zh-cn&ver=177 HTTP/1.1" 200 444
2022/03/28 09:39:29 - DEBUG - 228 - _new_conn - Starting new HTTP connection (1): support.dlink.com.cn:9000
2022/03/28 09:39:30 - DEBUG - 456 - _make_request - http://support.dlink.com.cn:9000 "GET /ajax/ajax.ashx?d=1648431569702&action=productfile&lang=zh-cn&ver=2274 HTTP/1.1" 200 369
2022/03/28 09:39:30 - DEBUG - 228 - _new_conn - Starting new HTTP connection (1): support.dlink.com.cn:9000
2022/03/28 09:39:32 - DEBUG - 456 - _make_request - http://support.dlink.com.cn:9000 "GET /ProductInfo.aspx?m=DI-8200G HTTP/1.1" 200 25463
2022/03/28 09:39:32 - DEBUG - 228 - _new_conn - Starting new HTTP connection (1): support.dlink.com.cn:9000
2022/03/28 09:39:32 - DEBUG - 456 - _make_request - http://support.dlink.com.cn:9000 "GET /ajax/ajax.ashx?d=1648431572606&action=productfile&lang=zh-cn&ver=3415 HTTP/1.1" 200 346
2022/03/28 09:39:32 - DEBUG - 228 - _new_conn - Starting new HTTP connection (1): support.dlink.com.cn:9000
2022/03/28 09:39:34 - DEBUG - 456 - _make_request - http://support.dlink.com.cn:9000 "GET /ProductInfo.aspx?m=DI-8300 HTTP/1.1" 200 25399
2022/03/28 09:39:34 - DEBUG - 228 - _new_conn - Starting new HTTP connection (1): support.dlink.com.cn:9000
2022/03/28 09:39:34 - DEBUG - 456 - _make_request - http://support.dlink.com.cn:9000 "GET /ajax/ajax.ashx?d=1648431574451&action=productfile&lang=zh-cn&ver=178 HTTP/1.1" 200 444
2022/03/28 09:39:34 - DEBUG - 228 - _new_conn - Starting new HTTP connection (1): support.dlink.com.cn:9000
2022/03/28 09:39:34 - DEBUG - 456 - _make_request - http://support.dlink.com.cn:9000 "GET /ajax/ajax.ashx?d=1648431574605&action=productfile&lang=zh-cn&ver=2276 HTTP/1.1" 200 370
2022/03/28 09:39:34 - DEBUG - 228 - _new_conn - Starting new HTTP connection (1): support.dlink.com.cn:9000
2022/03/28 09:39:34 - DEBUG - 456 - _make_request - http://support.dlink.com.cn:9000 "GET /ajax/ajax.ashx?d=1648431574746&action=productfile&lang=zh-cn&ver=2324 HTTP/1.1" 200 335
2022/03/28 09:39:34 - DEBUG - 228 - _new_conn - Starting new HTTP connection (1): support.dlink.com.cn:9000
2022/03/28 09:39:36 - DEBUG - 456 - _make_request - http://support.dlink.com.cn:9000 "GET /ProductInfo.aspx?m=DI-8400 HTTP/1.1" 200 25349
2022/03/28 09:39:36 - DEBUG - 228 - _new_conn - Starting new HTTP connection (1): support.dlink.com.cn:9000
2022/03/28 09:39:36 - DEBUG - 456 - _make_request - http://support.dlink.com.cn:9000 "GET /ajax/ajax.ashx?d=1648431576331&action=productfile&lang=zh-cn&ver=179 HTTP/1.1" 200 393
2022/03/28 09:39:36 - DEBUG - 228 - _new_conn - Starting new HTTP connection (1): support.dlink.com.cn:9000
2022/03/28 09:39:36 - DEBUG - 456 - _make_request - http://support.dlink.com.cn:9000 "GET /ajax/ajax.ashx?d=1648431576483&action=productfile&lang=zh-cn&ver=2275 HTTP/1.1" 200 368
2022/03/28 09:39:36 - DEBUG - 228 - _new_conn - Starting new HTTP connection (1): support.dlink.com.cn:9000
2022/03/28 09:39:38 - DEBUG - 456 - _make_request - http://support.dlink.com.cn:9000 "GET /ProductInfo.aspx?m=DI-8400G HTTP/1.1" 200 25470
2022/03/28 09:39:38 - DEBUG - 228 - _new_conn - Starting new HTTP connection (1): support.dlink.com.cn:9000
2022/03/28 09:39:38 - DEBUG - 456 - _make_request - http://support.dlink.com.cn:9000 "GET /ajax/ajax.ashx?d=1648431578524&action=productfile&lang=zh-cn&ver=3416 HTTP/1.1" 200 346
2022/03/28 09:39:38 - DEBUG - 228 - _new_conn - Starting new HTTP connection (1): support.dlink.com.cn:9000
2022/03/28 09:39:40 - DEBUG - 456 - _make_request - http://support.dlink.com.cn:9000 "GET /ProductInfo.aspx?m=DI-8500 HTTP/1.1" 200 26067
2022/03/28 09:39:40 - DEBUG - 228 - _new_conn - Starting new HTTP connection (1): support.dlink.com.cn:9000
2022/03/28 09:39:40 - DEBUG - 456 - _make_request - http://support.dlink.com.cn:9000 "GET /ajax/ajax.ashx?d=1648431580176&action=productfile&lang=zh-cn&ver=180 HTTP/1.1" 200 441
2022/03/28 09:39:40 - DEBUG - 228 - _new_conn - Starting new HTTP connection (1): support.dlink.com.cn:9000
2022/03/28 09:39:41 - DEBUG - 456 - _make_request - http://support.dlink.com.cn:9000 "GET /ProductInfo.aspx?m=DI-8600 HTTP/1.1" 200 20670
2022/03/28 09:39:41 - DEBUG - 228 - _new_conn - Starting new HTTP connection (1): support.dlink.com.cn:9000
2022/03/28 09:39:41 - DEBUG - 456 - _make_request - http://support.dlink.com.cn:9000 "GET /ajax/ajax.ashx?d=1648431581860&action=productfile&lang=zh-cn&ver=181 HTTP/1.1" 200 433
2022/03/28 09:39:42 - DEBUG - 228 - _new_conn - Starting new HTTP connection (1): support.dlink.com.cn:9000
2022/03/28 09:39:44 - DEBUG - 456 - _make_request - http://support.dlink.com.cn:9000 "GET /ProductInfo.aspx?m=DI-9100W HTTP/1.1" 200 19528
2022/03/28 09:39:44 - DEBUG - 228 - _new_conn - Starting new HTTP connection (1): support.dlink.com.cn:9000
2022/03/28 09:39:44 - DEBUG - 456 - _make_request - http://support.dlink.com.cn:9000 "GET /ajax/ajax.ashx?d=1648431584517&action=productfile&lang=zh-cn&ver=2310 HTTP/1.1" 200 396
2022/03/28 09:39:44 - DEBUG - 228 - _new_conn - Starting new HTTP connection (1): support.dlink.com.cn:9000
2022/03/28 09:39:45 - DEBUG - 456 - _make_request - http://support.dlink.com.cn:9000 "GET /ajax/ajax.ashx?d=1648431584881&action=productfile&lang=zh-cn&ver=2309 HTTP/1.1" 200 506
2022/03/28 09:39:45 - DEBUG - 228 - _new_conn - Starting new HTTP connection (1): support.dlink.com.cn:9000
2022/03/28 09:39:47 - DEBUG - 456 - _make_request - http://support.dlink.com.cn:9000 "GET /ProductInfo.aspx?m=DI-9200 HTTP/1.1" 200 19563
2022/03/28 09:39:47 - DEBUG - 228 - _new_conn - Starting new HTTP connection (1): support.dlink.com.cn:9000
2022/03/28 09:39:47 - DEBUG - 456 - _make_request - http://support.dlink.com.cn:9000 "GET /ajax/ajax.ashx?d=1648431587254&action=productfile&lang=zh-cn&ver=2312 HTTP/1.1" 200 529
2022/03/28 09:39:47 - DEBUG - 228 - _new_conn - Starting new HTTP connection (1): support.dlink.com.cn:9000
2022/03/28 09:39:49 - DEBUG - 456 - _make_request - http://support.dlink.com.cn:9000 "GET /ProductInfo.aspx?m=DI-9300 HTTP/1.1" 200 19574
2022/03/28 09:39:49 - DEBUG - 228 - _new_conn - Starting new HTTP connection (1): support.dlink.com.cn:9000
2022/03/28 09:39:49 - DEBUG - 456 - _make_request - http://support.dlink.com.cn:9000 "GET /ajax/ajax.ashx?d=1648431589554&action=productfile&lang=zh-cn&ver=2311 HTTP/1.1" 200 464
2022/03/28 09:39:49 - DEBUG - 228 - _new_conn - Starting new HTTP connection (1): support.dlink.com.cn:9000
2022/03/28 09:39:51 - DEBUG - 456 - _make_request - http://support.dlink.com.cn:9000 "GET /ProductInfo.aspx?m=DIR-110 HTTP/1.1" 200 21671
2022/03/28 09:39:51 - DEBUG - 228 - _new_conn - Starting new HTTP connection (1): support.dlink.com.cn:9000
2022/03/28 09:39:51 - DEBUG - 456 - _make_request - http://support.dlink.com.cn:9000 "GET /ajax/ajax.ashx?d=1648431591489&action=productfile&lang=zh-cn&ver=7 HTTP/1.1" 200 377
2022/03/28 09:39:51 - DEBUG - 228 - _new_conn - Starting new HTTP connection (1): support.dlink.com.cn:9000
2022/03/28 09:39:53 - DEBUG - 456 - _make_request - http://support.dlink.com.cn:9000 "GET /ProductInfo.aspx?m=DIR-503 HTTP/1.1" 200 20458
2022/03/28 09:39:53 - DEBUG - 228 - _new_conn - Starting new HTTP connection (1): support.dlink.com.cn:9000
2022/03/28 09:39:53 - DEBUG - 456 - _make_request - http://support.dlink.com.cn:9000 "GET /ajax/ajax.ashx?d=1648431593520&action=productfile&lang=zh-cn&ver=26 HTTP/1.1" 200 337
2022/03/28 09:39:53 - DEBUG - 228 - _new_conn - Starting new HTTP connection (1): support.dlink.com.cn:9000
2022/03/28 09:39:55 - DEBUG - 456 - _make_request - http://support.dlink.com.cn:9000 "GET /ProductInfo.aspx?m=DIR-513 HTTP/1.1" 200 20475
2022/03/28 09:39:55 - DEBUG - 228 - _new_conn - Starting new HTTP connection (1): support.dlink.com.cn:9000
2022/03/28 09:39:55 - DEBUG - 456 - _make_request - http://support.dlink.com.cn:9000 "GET /ajax/ajax.ashx?d=1648431595529&action=productfile&lang=zh-cn&ver=9 HTTP/1.1" 200 324
2022/03/28 09:39:55 - DEBUG - 228 - _new_conn - Starting new HTTP connection (1): support.dlink.com.cn:9000
2022/03/28 09:39:58 - DEBUG - 456 - _make_request - http://support.dlink.com.cn:9000 "GET /ProductInfo.aspx?m=DIR-604M HTTP/1.1" 200 16617
2022/03/28 09:39:58 - DEBUG - 228 - _new_conn - Starting new HTTP connection (1): support.dlink.com.cn:9000
2022/03/28 09:39:58 - DEBUG - 456 - _make_request - http://support.dlink.com.cn:9000 "GET /ajax/ajax.ashx?d=1648431598226&action=productfile&lang=zh-cn&ver=2319 HTTP/1.1" 200 344
2022/03/28 09:39:58 - DEBUG - 228 - _new_conn - Starting new HTTP connection (1): support.dlink.com.cn:9000
2022/03/28 09:40:00 - DEBUG - 456 - _make_request - http://support.dlink.com.cn:9000 "GET /ProductInfo.aspx?m=DIR-612 HTTP/1.1" 200 20862
2022/03/28 09:40:00 - DEBUG - 228 - _new_conn - Starting new HTTP connection (1): support.dlink.com.cn:9000
2022/03/28 09:40:03 - DEBUG - 456 - _make_request - http://support.dlink.com.cn:9000 "GET /ProductInfo.aspx?m=DIR-612B HTTP/1.1" 200 20755
2022/03/28 09:40:03 - DEBUG - 228 - _new_conn - Starting new HTTP connection (1): support.dlink.com.cn:9000
2022/03/28 09:40:03 - DEBUG - 456 - _make_request - http://support.dlink.com.cn:9000 "GET /ajax/ajax.ashx?d=1648431603237&action=productfile&lang=zh-cn&ver=46 HTTP/1.1" 200 394
2022/03/28 09:40:03 - DEBUG - 228 - _new_conn - Starting new HTTP connection (1): support.dlink.com.cn:9000
2022/03/28 09:40:05 - DEBUG - 456 - _make_request - http://support.dlink.com.cn:9000 "GET /ProductInfo.aspx?m=DIR-613 HTTP/1.1" 200 22215
2022/03/28 09:40:05 - DEBUG - 228 - _new_conn - Starting new HTTP connection (1): support.dlink.com.cn:9000
2022/03/28 09:40:05 - DEBUG - 456 - _make_request - http://support.dlink.com.cn:9000 "GET /ajax/ajax.ashx?d=1648431605648&action=productfile&lang=zh-cn&ver=2297 HTTP/1.1" 200 354
2022/03/28 09:40:05 - DEBUG - 228 - _new_conn - Starting new HTTP connection (1): support.dlink.com.cn:9000
2022/03/28 09:40:07 - DEBUG - 456 - _make_request - http://support.dlink.com.cn:9000 "GET /ProductInfo.aspx?m=DIR-615 HTTP/1.1" 200 23371
2022/03/28 09:40:07 - DEBUG - 228 - _new_conn - Starting new HTTP connection (1): support.dlink.com.cn:9000
2022/03/28 09:40:08 - DEBUG - 456 - _make_request - http://support.dlink.com.cn:9000 "GET /ajax/ajax.ashx?d=1648431607721&action=productfile&lang=zh-cn&ver=44 HTTP/1.1" 200 362
2022/03/28 09:40:08 - DEBUG - 228 - _new_conn - Starting new HTTP connection (1): support.dlink.com.cn:9000
2022/03/28 09:40:10 - DEBUG - 456 - _make_request - http://support.dlink.com.cn:9000 "GET /ProductInfo.aspx?m=DIR-616 HTTP/1.1" 200 21932
2022/03/28 09:40:10 - DEBUG - 228 - _new_conn - Starting new HTTP connection (1): support.dlink.com.cn:9000
2022/03/28 09:40:10 - DEBUG - 456 - _make_request - http://support.dlink.com.cn:9000 "GET /ajax/ajax.ashx?d=1648431610710&action=productfile&lang=zh-cn&ver=2288 HTTP/1.1" 200 348
2022/03/28 09:40:10 - DEBUG - 228 - _new_conn - Starting new HTTP connection (1): support.dlink.com.cn:9000
2022/03/28 09:40:11 - DEBUG - 456 - _make_request - http://support.dlink.com.cn:9000 "GET /ajax/ajax.ashx?d=1648431610868&action=productfile&lang=zh-cn&ver=43 HTTP/1.1" 200 337
2022/03/28 09:40:11 - DEBUG - 228 - _new_conn - Starting new HTTP connection (1): support.dlink.com.cn:9000
2022/03/28 09:40:13 - DEBUG - 456 - _make_request - http://support.dlink.com.cn:9000 "GET /ProductInfo.aspx?m=DIR-616+ HTTP/1.1" 200 21970
2022/03/28 09:40:13 - DEBUG - 228 - _new_conn - Starting new HTTP connection (1): support.dlink.com.cn:9000
2022/03/28 09:40:13 - DEBUG - 456 - _make_request - http://support.dlink.com.cn:9000 "GET /ajax/ajax.ashx?d=1648431613527&action=productfile&lang=zh-cn&ver=2288 HTTP/1.1" 200 348
2022/03/28 09:40:13 - DEBUG - 228 - _new_conn - Starting new HTTP connection (1): support.dlink.com.cn:9000
2022/03/28 09:40:13 - DEBUG - 456 - _make_request - http://support.dlink.com.cn:9000 "GET /ajax/ajax.ashx?d=1648431613675&action=productfile&lang=zh-cn&ver=43 HTTP/1.1" 200 337
2022/03/28 09:40:13 - DEBUG - 228 - _new_conn - Starting new HTTP connection (1): support.dlink.com.cn:9000
2022/03/28 09:40:15 - DEBUG - 456 - _make_request - http://support.dlink.com.cn:9000 "GET /ProductInfo.aspx?m=DIR-617 HTTP/1.1" 200 23131
2022/03/28 09:40:15 - DEBUG - 228 - _new_conn - Starting new HTTP connection (1): support.dlink.com.cn:9000
2022/03/28 09:40:15 - DEBUG - 456 - _make_request - http://support.dlink.com.cn:9000 "GET /ajax/ajax.ashx?d=1648431615594&action=productfile&lang=zh-cn&ver=41 HTTP/1.1" 200 389
2022/03/28 09:40:15 - DEBUG - 228 - _new_conn - Starting new HTTP connection (1): support.dlink.com.cn:9000
2022/03/28 09:40:17 - DEBUG - 456 - _make_request - http://support.dlink.com.cn:9000 "GET /ProductInfo.aspx?m=DIR-618 HTTP/1.1" 200 23466
2022/03/28 09:40:17 - DEBUG - 228 - _new_conn - Starting new HTTP connection (1): support.dlink.com.cn:9000
2022/03/28 09:40:17 - DEBUG - 456 - _make_request - http://support.dlink.com.cn:9000 "GET /ajax/ajax.ashx?d=1648431617640&action=productfile&lang=zh-cn&ver=40 HTTP/1.1" 200 440
2022/03/28 09:40:17 - DEBUG - 228 - _new_conn - Starting new HTTP connection (1): support.dlink.com.cn:9000
2022/03/28 09:40:20 - DEBUG - 456 - _make_request - http://support.dlink.com.cn:9000 "GET /ProductInfo.aspx?m=DIR-629 HTTP/1.1" 200 23514
2022/03/28 09:40:20 - DEBUG - 228 - _new_conn - Starting new HTTP connection (1): support.dlink.com.cn:9000
2022/03/28 09:40:20 - DEBUG - 456 - _make_request - http://support.dlink.com.cn:9000 "GET /ajax/ajax.ashx?d=1648431620340&action=productfile&lang=zh-cn&ver=38 HTTP/1.1" 200 484
2022/03/28 09:40:20 - DEBUG - 228 - _new_conn - Starting new HTTP connection (1): support.dlink.com.cn:9000
2022/03/28 09:40:22 - DEBUG - 456 - _make_request - http://support.dlink.com.cn:9000 "GET /ProductInfo.aspx?m=DIR-806 HTTP/1.1" 200 20021
2022/03/28 09:40:22 - DEBUG - 228 - _new_conn - Starting new HTTP connection (1): support.dlink.com.cn:9000
2022/03/28 09:40:22 - DEBUG - 456 - _make_request - http://support.dlink.com.cn:9000 "GET /ajax/ajax.ashx?d=1648431622578&action=productfile&lang=zh-cn&ver=37 HTTP/1.1" 200 385
2022/03/28 09:40:22 - DEBUG - 228 - _new_conn - Starting new HTTP connection (1): support.dlink.com.cn:9000
2022/03/28 09:40:25 - DEBUG - 456 - _make_request - http://support.dlink.com.cn:9000 "GET /ProductInfo.aspx?m=DIR-809 HTTP/1.1" 200 20494
2022/03/28 09:40:25 - DEBUG - 228 - _new_conn - Starting new HTTP connection (1): support.dlink.com.cn:9000
2022/03/28 09:40:26 - DEBUG - 456 - _make_request - http://support.dlink.com.cn:9000 "GET /ajax/ajax.ashx?d=1648431625673&action=productfile&lang=zh-cn&ver=2281 HTTP/1.1" 200 474
2022/03/28 09:40:26 - DEBUG - 228 - _new_conn - Starting new HTTP connection (1): support.dlink.com.cn:9000
2022/03/28 09:40:28 - DEBUG - 456 - _make_request - http://support.dlink.com.cn:9000 "GET /ProductInfo.aspx?m=DIR-816 HTTP/1.1" 200 20403
2022/03/28 09:40:28 - DEBUG - 228 - _new_conn - Starting new HTTP connection (1): support.dlink.com.cn:9000
2022/03/28 09:40:29 - DEBUG - 456 - _make_request - http://support.dlink.com.cn:9000 "GET /ajax/ajax.ashx?d=1648431628767&action=productfile&lang=zh-cn&ver=36 HTTP/1.1" 200 432
2022/03/28 09:40:29 - DEBUG - 228 - _new_conn - Starting new HTTP connection (1): support.dlink.com.cn:9000
2022/03/28 09:40:29 - DEBUG - 456 - _make_request - http://support.dlink.com.cn:9000 "GET /ajax/ajax.ashx?d=1648431629114&action=productfile&lang=zh-cn&ver=2315 HTTP/1.1" 200 428
2022/03/28 09:40:29 - DEBUG - 228 - _new_conn - Starting new HTTP connection (1): support.dlink.com.cn:9000
2022/03/28 09:40:32 - DEBUG - 456 - _make_request - http://support.dlink.com.cn:9000 "GET /ProductInfo.aspx?m=DIR-822 HTTP/1.1" 200 22065
2022/03/28 09:40:32 - DEBUG - 228 - _new_conn - Starting new HTTP connection (1): support.dlink.com.cn:9000
2022/03/28 09:40:32 - DEBUG - 456 - _make_request - http://support.dlink.com.cn:9000 "GET /ajax/ajax.ashx?d=1648431632610&action=productfile&lang=zh-cn&ver=2306 HTTP/1.1" 200 442
2022/03/28 09:40:32 - DEBUG - 228 - _new_conn - Starting new HTTP connection (1): support.dlink.com.cn:9000
2022/03/28 09:40:34 - DEBUG - 456 - _make_request - http://support.dlink.com.cn:9000 "GET /ProductInfo.aspx?m=DIR-822+ HTTP/1.1" 200 22063
2022/03/28 09:40:34 - DEBUG - 228 - _new_conn - Starting new HTTP connection (1): support.dlink.com.cn:9000
2022/03/28 09:40:34 - DEBUG - 456 - _make_request - http://support.dlink.com.cn:9000 "GET /ajax/ajax.ashx?d=1648431634668&action=productfile&lang=zh-cn&ver=2306 HTTP/1.1" 200 442
2022/03/28 09:40:34 - DEBUG - 228 - _new_conn - Starting new HTTP connection (1): support.dlink.com.cn:9000
2022/03/28 09:40:37 - DEBUG - 456 - _make_request - http://support.dlink.com.cn:9000 "GET /ProductInfo.aspx?m=DIR-823 HTTP/1.1" 200 20236
2022/03/28 09:40:37 - DEBUG - 228 - _new_conn - Starting new HTTP connection (1): support.dlink.com.cn:9000
2022/03/28 09:40:37 - DEBUG - 456 - _make_request - http://support.dlink.com.cn:9000 "GET /ajax/ajax.ashx?d=1648431637341&action=productfile&lang=zh-cn&ver=3413 HTTP/1.1" 200 355
2022/03/28 09:40:37 - DEBUG - 228 - _new_conn - Starting new HTTP connection (1): support.dlink.com.cn:9000
2022/03/28 09:40:39 - DEBUG - 456 - _make_request - http://support.dlink.com.cn:9000 "GET /ProductInfo.aspx?m=DIR-823%20Pro HTTP/1.1" 200 17070
2022/03/28 09:40:39 - DEBUG - 228 - _new_conn - Starting new HTTP connection (1): support.dlink.com.cn:9000
2022/03/28 09:40:39 - DEBUG - 456 - _make_request - http://support.dlink.com.cn:9000 "GET /ajax/ajax.ashx?d=1648431639706&action=productfile&lang=zh-cn&ver=3406 HTTP/1.1" 200 563
2022/03/28 09:40:39 - DEBUG - 228 - _new_conn - Starting new HTTP connection (1): support.dlink.com.cn:9000
2022/03/28 09:40:42 - DEBUG - 456 - _make_request - http://support.dlink.com.cn:9000 "GET /ProductInfo.aspx?m=DIR-823G HTTP/1.1" 200 16970
2022/03/28 09:40:42 - DEBUG - 228 - _new_conn - Starting new HTTP connection (1): support.dlink.com.cn:9000
2022/03/28 09:40:42 - DEBUG - 456 - _make_request - http://support.dlink.com.cn:9000 "GET /ajax/ajax.ashx?d=1648431642445&action=productfile&lang=zh-cn&ver=3425 HTTP/1.1" 200 917
2022/03/28 09:40:42 - DEBUG - 228 - _new_conn - Starting new HTTP connection (1): support.dlink.com.cn:9000
2022/03/28 09:40:44 - DEBUG - 456 - _make_request - http://support.dlink.com.cn:9000 "GET /ProductInfo.aspx?m=DIR-823G(B) HTTP/1.1" 200 22423
2022/03/28 09:40:44 - DEBUG - 228 - _new_conn - Starting new HTTP connection (1): support.dlink.com.cn:9000
2022/03/28 09:40:46 - DEBUG - 456 - _make_request - http://support.dlink.com.cn:9000 "GET /ProductInfo.aspx?m=DIR-842 HTTP/1.1" 200 21110
2022/03/28 09:40:46 - DEBUG - 228 - _new_conn - Starting new HTTP connection (1): support.dlink.com.cn:9000
2022/03/28 09:40:49 - DEBUG - 456 - _make_request - http://support.dlink.com.cn:9000 "GET /ProductInfo.aspx?m=DIR-846 HTTP/1.1" 200 16974
2022/03/28 09:40:49 - DEBUG - 228 - _new_conn - Starting new HTTP connection (1): support.dlink.com.cn:9000
2022/03/28 09:40:49 - DEBUG - 456 - _make_request - http://support.dlink.com.cn:9000 "GET /ajax/ajax.ashx?d=1648431649199&action=productfile&lang=zh-cn&ver=3456 HTTP/1.1" 200 975
2022/03/28 09:40:49 - DEBUG - 228 - _new_conn - Starting new HTTP connection (1): support.dlink.com.cn:9000
2022/03/28 09:40:52 - DEBUG - 456 - _make_request - http://support.dlink.com.cn:9000 "GET /ProductInfo.aspx?m=DIR-846W HTTP/1.1" 200 20017
2022/03/28 09:40:52 - DEBUG - 228 - _new_conn - Starting new HTTP connection (1): support.dlink.com.cn:9000
2022/03/28 09:40:52 - DEBUG - 456 - _make_request - http://support.dlink.com.cn:9000 "GET /ajax/ajax.ashx?d=1648431652060&action=productfile&lang=zh-cn&ver=3465 HTTP/1.1" 200 987
2022/03/28 09:40:52 - DEBUG - 228 - _new_conn - Starting new HTTP connection (1): support.dlink.com.cn:9000
2022/03/28 09:40:54 - DEBUG - 456 - _make_request - http://support.dlink.com.cn:9000 "GET /ProductInfo.aspx?m=DIR-852 HTTP/1.1" 200 20454
2022/03/28 09:40:54 - DEBUG - 228 - _new_conn - Starting new HTTP connection (1): support.dlink.com.cn:9000
2022/03/28 09:40:54 - DEBUG - 456 - _make_request - http://support.dlink.com.cn:9000 "GET /ajax/ajax.ashx?d=1648431654097&action=productfile&lang=zh-cn&ver=30 HTTP/1.1" 200 373
2022/03/28 09:40:54 - DEBUG - 228 - _new_conn - Starting new HTTP connection (1): support.dlink.com.cn:9000
2022/03/28 09:40:57 - DEBUG - 456 - _make_request - http://support.dlink.com.cn:9000 "GET /ProductInfo.aspx?m=DIR-867 HTTP/1.1" 200 16982
2022/03/28 09:40:58 - DEBUG - 228 - _new_conn - Starting new HTTP connection (1): support.dlink.com.cn:9000
2022/03/28 09:40:58 - DEBUG - 456 - _make_request - http://support.dlink.com.cn:9000 "GET /ajax/ajax.ashx?d=1648431658299&action=productfile&lang=zh-cn&ver=3431 HTTP/1.1" 200 304
2022/03/28 09:40:58 - DEBUG - 228 - _new_conn - Starting new HTTP connection (1): support.dlink.com.cn:9000
2022/03/28 09:41:00 - DEBUG - 456 - _make_request - http://support.dlink.com.cn:9000 "GET /ProductInfo.aspx?m=DIR-878 HTTP/1.1" 200 16982
2022/03/28 09:41:00 - DEBUG - 228 - _new_conn - Starting new HTTP connection (1): support.dlink.com.cn:9000
2022/03/28 09:41:00 - DEBUG - 456 - _make_request - http://support.dlink.com.cn:9000 "GET /ajax/ajax.ashx?d=1648431660289&action=productfile&lang=zh-cn&ver=3427 HTTP/1.1" 200 515
2022/03/28 09:41:00 - DEBUG - 228 - _new_conn - Starting new HTTP connection (1): support.dlink.com.cn:9000
2022/03/28 09:41:02 - DEBUG - 456 - _make_request - http://support.dlink.com.cn:9000 "GET /ProductInfo.aspx?m=DIR-882 HTTP/1.1" 200 16972
2022/03/28 09:41:03 - DEBUG - 228 - _new_conn - Starting new HTTP connection (1): support.dlink.com.cn:9000
2022/03/28 09:41:03 - DEBUG - 456 - _make_request - http://support.dlink.com.cn:9000 "GET /ajax/ajax.ashx?d=1648431663026&action=productfile&lang=zh-cn&ver=3428 HTTP/1.1" 200 420
2022/03/28 09:41:03 - DEBUG - 228 - _new_conn - Starting new HTTP connection (1): support.dlink.com.cn:9000
2022/03/28 09:41:05 - DEBUG - 456 - _make_request - http://support.dlink.com.cn:9000 "GET /ProductInfo.aspx?m=DIR-885L HTTP/1.1" 200 23844
2022/03/28 09:41:05 - DEBUG - 228 - _new_conn - Starting new HTTP connection (1): support.dlink.com.cn:9000
2022/03/28 09:41:07 - DEBUG - 456 - _make_request - http://support.dlink.com.cn:9000 "GET /ProductInfo.aspx?m=DIR-895L HTTP/1.1" 200 16935
2022/03/28 09:41:08 - DEBUG - 228 - _new_conn - Starting new HTTP connection (1): support.dlink.com.cn:9000
2022/03/28 09:41:09 - DEBUG - 456 - _make_request - http://support.dlink.com.cn:9000 "GET /ProductInfo.aspx?m=DSL-2740EL HTTP/1.1" 200 24761
2022/03/28 09:41:09 - DEBUG - 228 - _new_conn - Starting new HTTP connection (1): support.dlink.com.cn:9000
2022/03/28 09:41:09 - DEBUG - 456 - _make_request - http://support.dlink.com.cn:9000 "GET /ajax/ajax.ashx?d=1648431669692&action=productfile&lang=zh-cn&ver=1213 HTTP/1.1" 200 436
2022/03/28 09:41:09 - DEBUG - 228 - _new_conn - Starting new HTTP connection (1): support.dlink.com.cn:9000
2022/03/28 09:41:10 - DEBUG - 456 - _make_request - http://support.dlink.com.cn:9000 "GET /ProductInfo.aspx?m=DSL-2750EL HTTP/1.1" 200 16099
2022/03/28 09:41:10 - DEBUG - 228 - _new_conn - Starting new HTTP connection (1): support.dlink.com.cn:9000
2022/03/28 09:41:12 - DEBUG - 456 - _make_request - http://support.dlink.com.cn:9000 "GET /ProductInfo.aspx?m=DWR-730 HTTP/1.1" 200 26188
2022/03/28 09:41:12 - DEBUG - 228 - _new_conn - Starting new HTTP connection (1): support.dlink.com.cn:9000
2022/03/28 09:41:12 - DEBUG - 456 - _make_request - http://support.dlink.com.cn:9000 "GET /ajax/ajax.ashx?d=1648431672749&action=productfile&lang=zh-cn&ver=60 HTTP/1.1" 200 340
