2022/03/28 09:43:05 - DEBUG - 38 - create_dir - Succeed in creating directory: data/mi
2022/03/28 09:43:05 - DEBUG - 1001 - _new_conn - Starting new HTTPS connection (1): api.miwifi.com:443
2022/03/28 09:43:06 - DEBUG - 456 - _make_request - https://api.miwifi.com:443 "GET /upgrade/log/latest?typeList=R3ADEV&callback=jQuery151005673262466502814_1648431785099&_=1648431785099 HTTP/1.1" 200 None
2022/03/28 09:43:06 - DEBUG - 1001 - _new_conn - Starting new HTTPS connection (1): api.miwifi.com:443
2022/03/28 09:43:07 - DEBUG - 456 - _make_request - https://api.miwifi.com:443 "GET /upgrade/log/latest?typeList=R3ASTA&callback=jQuery151006024643697540087_1648431786144&_=1648431786144 HTTP/1.1" 200 None
2022/03/28 09:43:07 - DEBUG - 1001 - _new_conn - Starting new HTTPS connection (1): api.miwifi.com:443
2022/03/28 09:43:08 - DEBUG - 456 - _make_request - https://api.miwifi.com:443 "GET /upgrade/log/latest?typeList=R3DDEV&callback=jQuery151009638638500118304_1648431787269&_=1648431787269 HTTP/1.1" 200 None
2022/03/28 09:43:08 - DEBUG - 1001 - _new_conn - Starting new HTTPS connection (1): api.miwifi.com:443
2022/03/28 09:43:09 - DEBUG - 456 - _make_request - https://api.miwifi.com:443 "GET /upgrade/log/latest?typeList=R3DSTA&callback=jQuery151000591370914081477_1648431788245&_=1648431788245 HTTP/1.1" 200 None
2022/03/28 09:43:09 - DEBUG - 1001 - _new_conn - Starting new HTTPS connection (1): api.miwifi.com:443
2022/03/28 09:43:10 - DEBUG - 456 - _make_request - https://api.miwifi.com:443 "GET /upgrade/log/latest?typeList=R3PDEV&callback=jQuery151036982114552423073_1648431789376&_=1648431789376 HTTP/1.1" 200 None
2022/03/28 09:43:10 - DEBUG - 1001 - _new_conn - Starting new HTTPS connection (1): api.miwifi.com:443
2022/03/28 09:43:11 - DEBUG - 456 - _make_request - https://api.miwifi.com:443 "GET /upgrade/log/latest?typeList=R3PSTA&callback=jQuery151003115510242376389_1648431790443&_=1648431790443 HTTP/1.1" 200 None
2022/03/28 09:43:11 - DEBUG - 1001 - _new_conn - Starting new HTTPS connection (1): api.miwifi.com:443
2022/03/28 09:43:12 - DEBUG - 456 - _make_request - https://api.miwifi.com:443 "GET /upgrade/log/latest?typeList=R3LDEV&callback=jQuery151004438570191904714_1648431791465&_=1648431791465 HTTP/1.1" 200 None
2022/03/28 09:43:12 - DEBUG - 1001 - _new_conn - Starting new HTTPS connection (1): api.miwifi.com:443
2022/03/28 09:43:13 - DEBUG - 456 - _make_request - https://api.miwifi.com:443 "GET /upgrade/log/latest?typeList=R3LSTA&callback=jQuery151001838602371583664_1648431792442&_=1648431792442 HTTP/1.1" 200 None
2022/03/28 09:43:13 - DEBUG - 1001 - _new_conn - Starting new HTTPS connection (1): api.miwifi.com:443
2022/03/28 09:43:14 - DEBUG - 456 - _make_request - https://api.miwifi.com:443 "GET /upgrade/log/latest?typeList=R3DEV&callback=jQuery151002823032252110098_1648431793493&_=1648431793493 HTTP/1.1" 200 None
2022/03/28 09:43:14 - DEBUG - 1001 - _new_conn - Starting new HTTPS connection (1): api.miwifi.com:443
2022/03/28 09:43:15 - DEBUG - 456 - _make_request - https://api.miwifi.com:443 "GET /upgrade/log/latest?typeList=R3STA&callback=jQuery151004470359356906466_1648431794521&_=1648431794521 HTTP/1.1" 200 None
2022/03/28 09:43:15 - DEBUG - 1001 - _new_conn - Starting new HTTPS connection (1): api.miwifi.com:443
2022/03/28 09:43:16 - DEBUG - 456 - _make_request - https://api.miwifi.com:443 "GET /upgrade/log/latest?typeList=R3GDEV&callback=jQuery151005899882650991792_1648431795381&_=1648431795381 HTTP/1.1" 200 None
2022/03/28 09:43:16 - DEBUG - 1001 - _new_conn - Starting new HTTPS connection (1): api.miwifi.com:443
2022/03/28 09:43:17 - DEBUG - 456 - _make_request - https://api.miwifi.com:443 "GET /upgrade/log/latest?typeList=R3GSTA&callback=jQuery151008876874862935613_1648431796471&_=1648431796471 HTTP/1.1" 200 None
2022/03/28 09:43:17 - DEBUG - 1001 - _new_conn - Starting new HTTPS connection (1): api.miwifi.com:443
2022/03/28 09:43:18 - DEBUG - 456 - _make_request - https://api.miwifi.com:443 "GET /upgrade/log/latest?typeList=R2DSTA&callback=jQuery151008308529027071441_1648431797501&_=1648431797501 HTTP/1.1" 200 None
2022/03/28 09:43:18 - DEBUG - 1001 - _new_conn - Starting new HTTPS connection (1): api.miwifi.com:443
2022/03/28 09:43:19 - DEBUG - 456 - _make_request - https://api.miwifi.com:443 "GET /upgrade/log/latest?typeList=R1DPC&callback=jQuery151018167719760604184_1648431798500&_=1648431798500 HTTP/1.1" 200 None
2022/03/28 09:43:19 - DEBUG - 1001 - _new_conn - Starting new HTTPS connection (1): api.miwifi.com:443
2022/03/28 09:43:19 - DEBUG - 456 - _make_request - https://api.miwifi.com:443 "GET /upgrade/log/latest?typeList=R1DMAC&callback=jQuery151006586184041697125_1648431799362&_=1648431799362 HTTP/1.1" 200 None
2022/03/28 09:43:19 - DEBUG - 1001 - _new_conn - Starting new HTTPS connection (1): api.miwifi.com:443
2022/03/28 09:43:20 - DEBUG - 456 - _make_request - https://api.miwifi.com:443 "GET /upgrade/log/latest?typeList=WiFiPC&callback=jQuery151004962825050076064_1648431799994&_=1648431799994 HTTP/1.1" 200 None
2022/03/28 09:43:20 - DEBUG - 1001 - _new_conn - Starting new HTTPS connection (1): api.miwifi.com:443
2022/03/28 09:43:22 - DEBUG - 456 - _make_request - https://api.miwifi.com:443 "GET /upgrade/log/latest?typeList=R1CLDEV&callback=jQuery151003610515947359011_1648431800924&_=1648431800924 HTTP/1.1" 200 None
2022/03/28 09:43:22 - DEBUG - 1001 - _new_conn - Starting new HTTPS connection (1): api.miwifi.com:443
2022/03/28 09:43:22 - DEBUG - 456 - _make_request - https://api.miwifi.com:443 "GET /upgrade/log/latest?typeList=R1CLSTA&callback=jQuery151000634330076640095_1648431802169&_=1648431802169 HTTP/1.1" 200 None
2022/03/28 09:43:22 - DEBUG - 1001 - _new_conn - Starting new HTTPS connection (1): api.miwifi.com:443
2022/03/28 09:43:23 - DEBUG - 456 - _make_request - https://api.miwifi.com:443 "GET /upgrade/log/latest?typeList=R1CDEV&callback=jQuery151008326364878552491_1648431802897&_=1648431802897 HTTP/1.1" 200 None
2022/03/28 09:43:23 - DEBUG - 1001 - _new_conn - Starting new HTTPS connection (1): api.miwifi.com:443
2022/03/28 09:43:24 - DEBUG - 456 - _make_request - https://api.miwifi.com:443 "GET /upgrade/log/latest?typeList=R1CSTA&callback=jQuery151008536628338108021_1648431803725&_=1648431803725 HTTP/1.1" 200 None
2022/03/28 09:43:24 - DEBUG - 1001 - _new_conn - Starting new HTTPS connection (1): api.miwifi.com:443
2022/03/28 09:43:25 - DEBUG - 456 - _make_request - https://api.miwifi.com:443 "GET /upgrade/log/latest?typeList=R1DDEV&callback=jQuery151005964688338095018_1648431804355&_=1648431804355 HTTP/1.1" 200 None
2022/03/28 09:43:25 - DEBUG - 1001 - _new_conn - Starting new HTTPS connection (1): api.miwifi.com:443
2022/03/28 09:43:26 - DEBUG - 456 - _make_request - https://api.miwifi.com:443 "GET /upgrade/log/latest?typeList=R1DSTA&callback=jQuery151044433217408475867_1648431805434&_=1648431805434 HTTP/1.1" 200 None
2022/03/28 09:43:26 - DEBUG - 1001 - _new_conn - Starting new HTTPS connection (1): api.miwifi.com:443
2022/03/28 09:43:27 - DEBUG - 456 - _make_request - https://api.miwifi.com:443 "GET /upgrade/log/latest?typeList=R2DDEV&callback=jQuery151002449772427809046_1648431806475&_=1648431806475 HTTP/1.1" 200 None
2022/03/28 09:43:27 - DEBUG - 1001 - _new_conn - Starting new HTTPS connection (1): api.miwifi.com:443
2022/03/28 09:43:28 - DEBUG - 456 - _make_request - https://api.miwifi.com:443 "GET /upgrade/log/latest?typeList=R1DANSTA&callback=jQuery151008473549493620036_1648431807439&_=1648431807439 HTTP/1.1" 200 None
2022/03/28 09:43:28 - DEBUG - 1001 - _new_conn - Starting new HTTPS connection (1): api.miwifi.com:443
2022/03/28 09:43:29 - DEBUG - 456 - _make_request - https://api.miwifi.com:443 "GET /upgrade/log/latest?typeList=R1DANDEV&callback=jQuery151005901751828100852_1648431808525&_=1648431808525 HTTP/1.1" 200 None
2022/03/28 09:43:29 - DEBUG - 1001 - _new_conn - Starting new HTTPS connection (1): api.miwifi.com:443
2022/03/28 09:43:30 - DEBUG - 456 - _make_request - https://api.miwifi.com:443 "GET /upgrade/log/latest?typeList=R1DIP&callback=jQuery151007247810731554711_1648431809585&_=1648431809585 HTTP/1.1" 200 None
2022/03/28 09:43:30 - DEBUG - 1001 - _new_conn - Starting new HTTPS connection (1): api.miwifi.com:443
2022/03/28 09:43:31 - DEBUG - 456 - _make_request - https://api.miwifi.com:443 "GET /upgrade/log/latest?typeList=WiFiAN&callback=jQuery151005150560561011084_1648431810567&_=1648431810567 HTTP/1.1" 200 None
2022/03/28 09:43:31 - DEBUG - 1001 - _new_conn - Starting new HTTPS connection (1): api.miwifi.com:443
2022/03/28 09:43:32 - DEBUG - 456 - _make_request - https://api.miwifi.com:443 "GET /upgrade/log/latest?typeList=R1CUSB&callback=jQuery151000785868156427049_1648431811602&_=1648431811602 HTTP/1.1" 200 None
2022/03/28 09:43:32 - DEBUG - 1001 - _new_conn - Starting new HTTPS connection (1): api.miwifi.com:443
2022/03/28 09:43:33 - DEBUG - 456 - _make_request - https://api.miwifi.com:443 "GET /upgrade/log/latest?typeList=R2DUSB&callback=jQuery151008190006453460855_1648431812532&_=1648431812532 HTTP/1.1" 200 None
2022/03/28 09:43:33 - DEBUG - 1001 - _new_conn - Starting new HTTPS connection (1): api.miwifi.com:443
2022/03/28 09:43:34 - DEBUG - 456 - _make_request - https://api.miwifi.com:443 "GET /upgrade/log/latest?typeList=R1DUSB&callback=jQuery151003496467627687986_1648431813747&_=1648431813747 HTTP/1.1" 200 None
2022/03/28 09:43:34 - DEBUG - 1001 - _new_conn - Starting new HTTPS connection (1): api.miwifi.com:443
2022/03/28 09:43:35 - DEBUG - 456 - _make_request - https://api.miwifi.com:443 "GET /upgrade/log/latest?typeList=R1DUSB2&callback=jQuery151002858044862922202_1648431814705&_=1648431814705 HTTP/1.1" 200 None
2022/03/28 09:43:35 - DEBUG - 1001 - _new_conn - Starting new HTTPS connection (1): api.miwifi.com:443
2022/03/28 09:43:36 - DEBUG - 456 - _make_request - https://api.miwifi.com:443 "GET /upgrade/log/latest?typeList=R4STA&callback=jQuery151000559608635287286_1648431815739&_=1648431815739 HTTP/1.1" 200 None
2022/03/28 09:43:36 - DEBUG - 1001 - _new_conn - Starting new HTTPS connection (1): api.miwifi.com:443
2022/03/28 09:43:37 - DEBUG - 456 - _make_request - https://api.miwifi.com:443 "GET /upgrade/log/latest?typeList=R4CSTA&callback=jQuery151000800556464421047_1648431816623&_=1648431816623 HTTP/1.1" 200 None
2022/03/28 09:43:37 - DEBUG - 1001 - _new_conn - Starting new HTTPS connection (1): api.miwifi.com:443
2022/03/28 09:43:38 - DEBUG - 456 - _make_request - https://api.miwifi.com:443 "GET /upgrade/log/latest?typeList=TFTPPC&callback=jQuery151009199867860983728_1648431817622&_=1648431817622 HTTP/1.1" 200 None
2022/03/28 09:43:38 - DEBUG - 1001 - _new_conn - Starting new HTTPS connection (1): api.miwifi.com:443
2022/03/28 09:43:39 - DEBUG - 456 - _make_request - https://api.miwifi.com:443 "GET /upgrade/log/latest?typeList=R4ASTA&callback=jQuery1510018362741845010744_1648431818246&_=1648431818246 HTTP/1.1" 200 None
2022/03/28 09:43:39 - DEBUG - 1001 - _new_conn - Starting new HTTPS connection (1): api.miwifi.com:443
2022/03/28 09:43:40 - DEBUG - 456 - _make_request - https://api.miwifi.com:443 "GET /upgrade/log/latest?typeList=R4ACSTA&callback=jQuery151009259460839493479_1648431819203&_=1648431819203 HTTP/1.1" 200 None
2022/03/28 09:43:40 - DEBUG - 1001 - _new_conn - Starting new HTTPS connection (1): api.miwifi.com:443
2022/03/28 09:43:40 - DEBUG - 456 - _make_request - https://api.miwifi.com:443 "GET /upgrade/log/latest?typeList=R4CMSTA&callback=jQuery151019421888229450956_1648431820006&_=1648431820006 HTTP/1.1" 200 None
2022/03/28 09:43:40 - DEBUG - 1001 - _new_conn - Starting new HTTPS connection (1): api.miwifi.com:443
2022/03/28 09:43:41 - DEBUG - 456 - _make_request - https://api.miwifi.com:443 "GET /upgrade/log/latest?typeList=D01STA&callback=jQuery151009330400547112427_1648431820779&_=1648431820779 HTTP/1.1" 200 None
2022/03/28 09:43:41 - DEBUG - 1001 - _new_conn - Starting new HTTPS connection (1): api.miwifi.com:443
2022/03/28 09:43:42 - DEBUG - 456 - _make_request - https://api.miwifi.com:443 "GET /upgrade/log/latest?typeList=R2100STA&callback=jQuery151008818243360522586_1648431821827&_=1648431821827 HTTP/1.1" 200 None
2022/03/28 09:43:42 - DEBUG - 1001 - _new_conn - Starting new HTTPS connection (1): api.miwifi.com:443
2022/03/28 09:43:43 - DEBUG - 456 - _make_request - https://api.miwifi.com:443 "GET /upgrade/log/latest?typeList=RM2100STA&callback=jQuery151030176372354672387_1648431822695&_=1648431822695 HTTP/1.1" 200 None
2022/03/28 09:43:43 - DEBUG - 1001 - _new_conn - Starting new HTTPS connection (1): api.miwifi.com:443
2022/03/28 09:43:44 - DEBUG - 456 - _make_request - https://api.miwifi.com:443 "GET /upgrade/log/latest?typeList=R3600STA&callback=jQuery151041852968352178055_1648431823835&_=1648431823835 HTTP/1.1" 200 None
2022/03/28 09:43:44 - DEBUG - 1001 - _new_conn - Starting new HTTPS connection (1): api.miwifi.com:443
2022/03/28 09:43:45 - DEBUG - 456 - _make_request - https://api.miwifi.com:443 "GET /upgrade/log/latest?typeList=RM1800STA&callback=jQuery151007917479956246595_1648431824584&_=1648431824584 HTTP/1.1" 200 None
2022/03/28 09:43:45 - DEBUG - 1001 - _new_conn - Starting new HTTPS connection (1): api.miwifi.com:443
2022/03/28 09:43:46 - DEBUG - 456 - _make_request - https://api.miwifi.com:443 "GET /upgrade/log/latest?typeList=RA67STA&callback=jQuery151008711117010464453_1648431825422&_=1648431825422 HTTP/1.1" 200 None
2022/03/28 09:43:46 - DEBUG - 1001 - _new_conn - Starting new HTTPS connection (1): api.miwifi.com:443
2022/03/28 09:43:47 - DEBUG - 456 - _make_request - https://api.miwifi.com:443 "GET /upgrade/log/latest?typeList=RA69STA&callback=jQuery151003824171189482589_1648431826249&_=1648431826249 HTTP/1.1" 200 None
2022/03/28 09:43:47 - DEBUG - 1001 - _new_conn - Starting new HTTPS connection (1): api.miwifi.com:443
2022/03/28 09:43:48 - DEBUG - 456 - _make_request - https://api.miwifi.com:443 "GET /upgrade/log/latest?typeList=RA72STA&callback=jQuery151008162455954081215_1648431827328&_=1648431827328 HTTP/1.1" 200 None
2022/03/28 09:43:48 - DEBUG - 1001 - _new_conn - Starting new HTTPS connection (1): api.miwifi.com:443
2022/03/28 09:43:49 - DEBUG - 456 - _make_request - https://api.miwifi.com:443 "GET /upgrade/log/latest?typeList=R1350STA&callback=jQuery151046255987853406944_1648431828410&_=1648431828410 HTTP/1.1" 200 None
2022/03/28 09:43:49 - DEBUG - 1001 - _new_conn - Starting new HTTPS connection (1): api.miwifi.com:443
2022/03/28 09:43:50 - DEBUG - 456 - _make_request - https://api.miwifi.com:443 "GET /upgrade/log/latest?typeList=R2350STA&callback=jQuery151009647647110340274_1648431829518&_=1648431829518 HTTP/1.1" 200 None
2022/03/28 09:43:50 - DEBUG - 1001 - _new_conn - Starting new HTTPS connection (1): api.miwifi.com:443
2022/03/28 09:43:51 - DEBUG - 456 - _make_request - https://api.miwifi.com:443 "GET /upgrade/log/latest?typeList=RA70STA&callback=jQuery151006043422637301592_1648431830360&_=1648431830360 HTTP/1.1" 200 None
2022/03/28 09:43:51 - DEBUG - 1001 - _new_conn - Starting new HTTPS connection (1): api.miwifi.com:443
2022/03/28 09:43:51 - DEBUG - 456 - _make_request - https://api.miwifi.com:443 "GET /upgrade/log/latest?typeList=RA81STA&callback=jQuery151031371022927712366_1648431831175&_=1648431831175 HTTP/1.1" 200 None
2022/03/28 09:43:51 - DEBUG - 1001 - _new_conn - Starting new HTTPS connection (1): api.miwifi.com:443
2022/03/28 09:43:52 - DEBUG - 456 - _make_request - https://api.miwifi.com:443 "GET /upgrade/log/latest?typeList=RA80STA&callback=jQuery151000761573301799875_1648431831917&_=1648431831917 HTTP/1.1" 200 None
2022/03/28 09:43:52 - DEBUG - 1001 - _new_conn - Starting new HTTPS connection (1): api.miwifi.com:443
2022/03/28 09:43:53 - DEBUG - 456 - _make_request - https://api.miwifi.com:443 "GET /upgrade/log/latest?typeList=RB03STA&callback=jQuery151035177847875684864_1648431832567&_=1648431832567 HTTP/1.1" 200 None
2022/03/28 09:43:53 - DEBUG - 1001 - _new_conn - Starting new HTTPS connection (1): api.miwifi.com:443
2022/03/28 09:43:54 - DEBUG - 456 - _make_request - https://api.miwifi.com:443 "GET /upgrade/log/latest?typeList=RA71STA&callback=jQuery151006686798763413528_1648431833232&_=1648431833232 HTTP/1.1" 200 None
2022/03/28 09:43:54 - DEBUG - 1001 - _new_conn - Starting new HTTPS connection (1): api.miwifi.com:443
2022/03/28 09:43:54 - DEBUG - 456 - _make_request - https://api.miwifi.com:443 "GET /upgrade/log/latest?typeList=RA70DEV&callback=jQuery151013860666834764024_1648431834151&_=1648431834151 HTTP/1.1" 200 None
2022/03/28 09:43:54 - DEBUG - 1001 - _new_conn - Starting new HTTPS connection (1): api.miwifi.com:443
2022/03/28 09:43:55 - DEBUG - 456 - _make_request - https://api.miwifi.com:443 "GET /upgrade/log/latest?typeList=RB04STA&callback=jQuery151005650461184115609_1648431834939&_=1648431834939 HTTP/1.1" 200 None
